[3J[H[2Jmake[1]: Entering directory '/thayerfs/home/f0041tt/cs50-dev/tse-crawler-rehoboth23/querier'
rm -f core
rm -f querier.o  *~ *.o querier
make[1]: Leaving directory '/thayerfs/home/f0041tt/cs50-dev/tse-crawler-rehoboth23/querier'
make[1]: Entering directory '/thayerfs/home/f0041tt/cs50-dev/tse-crawler-rehoboth23/querier'
gcc -Wall -pedantic -std=c11 -ggdb   -I../libcs50/ -I../common   -c -o querier.o querier.c
gcc -Wall -pedantic -std=c11 -ggdb   -I../libcs50/ -I../common querier.o ../common/common.a ../libcs50/libcs50-given.a -o querier -lm
make[1]: Leaving directory '/thayerfs/home/f0041tt/cs50-dev/tse-crawler-rehoboth23/querier'
make[1]: Entering directory '/thayerfs/home/f0041tt/cs50-dev/tse-crawler-rehoboth23/querier'
[3J[H[2JTESTING querier with valgrind
==8429== Memcheck, a memory error detector
==8429== Copyright (C) 2002-2017, and GNU GPL'd, by Julian Seward et al.
==8429== Using Valgrind-3.13.0 and LibVEX; rerun with -h for copyright info
==8429== Command: ./querier ../../shared/tse/output/letters-2 ../../shared/tse/output/letters-2.index
==8429== 
Normalized Query: 
Normalized Query: 
Normalized Query: home 
Matches 7 documents (ranked):
score	2 doc 3: http://cs50tse.cs.dartmouth.edu/tse/letters/index.html
score	2 doc 1: http://cs50tse.cs.dartmouth.edu/tse/letters/
score	1 doc 4: http://cs50tse.cs.dartmouth.edu/tse/letters/B.html
score	1 doc 2: http://cs50tse.cs.dartmouth.edu/tse/letters/A.html
Normalized Query: home 
Matches 7 documents (ranked):
score	2 doc 3: http://cs50tse.cs.dartmouth.edu/tse/letters/index.html
score	2 doc 1: http://cs50tse.cs.dartmouth.edu/tse/letters/
score	1 doc 4: http://cs50tse.cs.dartmouth.edu/tse/letters/B.html
score	1 doc 2: http://cs50tse.cs.dartmouth.edu/tse/letters/A.html
Normalized Query: b or home 
Matches 7 documents (ranked):
score	2 doc 3: http://cs50tse.cs.dartmouth.edu/tse/letters/index.html
score	2 doc 1: http://cs50tse.cs.dartmouth.edu/tse/letters/
score	1 doc 4: http://cs50tse.cs.dartmouth.edu/tse/letters/B.html
score	1 doc 2: http://cs50tse.cs.dartmouth.edu/tse/letters/A.html
Normalized Query: b home 
Matches 0 documents (ranked):
Normalized Query: breadth first 
Matches 1 documents (ranked):
score	1 doc 4: http://cs50tse.cs.dartmouth.edu/tse/letters/B.html
Normalized Query: search 
Matches 2 documents (ranked):
score	1 doc 4: http://cs50tse.cs.dartmouth.edu/tse/letters/B.html
Normalized Query: breadth first and search 
Matches 1 documents (ranked):
score	1 doc 4: http://cs50tse.cs.dartmouth.edu/tse/letters/B.html
Normalized Query: breadth first search 
Matches 1 documents (ranked):
score	1 doc 4: http://cs50tse.cs.dartmouth.edu/tse/letters/B.html

==8429== 
==8429== HEAP SUMMARY:
==8429==     in use at exit: 0 bytes in 0 blocks
==8429==   total heap usage: 1,297 allocs, 1,297 frees, 1,088,601 bytes allocated
==8429== 
==8429== All heap blocks were freed -- no leaks are possible
==8429== 
==8429== For counts of detected and suppressed errors, rerun with: -v
==8429== ERROR SUMMARY: 0 errors from 0 contexts (suppressed: 0 from 0)


==8457== Memcheck, a memory error detector
==8457== Copyright (C) 2002-2017, and GNU GPL'd, by Julian Seward et al.
==8457== Using Valgrind-3.13.0 and LibVEX; rerun with -h for copyright info
==8457== Command: ./querier ../../shared/tse/output/letters-10 ../../shared/tse/output/letters-10.index
==8457== 
Normalized Query: breadth first 
Matches 1 documents (ranked):
score	1 doc 4: http://cs50tse.cs.dartmouth.edu/tse/letters/B.html
Normalized Query: search 
Matches 2 documents (ranked):
score	1 doc 9: http://cs50tse.cs.dartmouth.edu/tse/letters/D.html
score	1 doc 4: http://cs50tse.cs.dartmouth.edu/tse/letters/B.html
Normalized Query: breadth first and search 
Matches 1 documents (ranked):
score	1 doc 4: http://cs50tse.cs.dartmouth.edu/tse/letters/B.html
Normalized Query: breadth first search 
Matches 1 documents (ranked):
score	1 doc 4: http://cs50tse.cs.dartmouth.edu/tse/letters/B.html
Normalized Query: depth first 
Matches 1 documents (ranked):
score	1 doc 9: http://cs50tse.cs.dartmouth.edu/tse/letters/D.html
Normalized Query: computational and biology 
Matches 1 documents (ranked):
score	1 doc 10: http://cs50tse.cs.dartmouth.edu/tse/letters/C.html
Normalized Query: computational biology 
Matches 1 documents (ranked):
score	1 doc 10: http://cs50tse.cs.dartmouth.edu/tse/letters/C.html
Normalized Query: search 
Matches 2 documents (ranked):
score	1 doc 9: http://cs50tse.cs.dartmouth.edu/tse/letters/D.html
score	1 doc 4: http://cs50tse.cs.dartmouth.edu/tse/letters/B.html
Normalized Query: depth first and search 
Matches 1 documents (ranked):
score	1 doc 9: http://cs50tse.cs.dartmouth.edu/tse/letters/D.html
Normalized Query: depth first or search 
Matches 2 documents (ranked):
score	2 doc 9: http://cs50tse.cs.dartmouth.edu/tse/letters/D.html
score	1 doc 4: http://cs50tse.cs.dartmouth.edu/tse/letters/B.html

==8457== 
==8457== HEAP SUMMARY:
==8457==     in use at exit: 0 bytes in 0 blocks
==8457==   total heap usage: 1,313 allocs, 1,313 frees, 623,944 bytes allocated
==8457== 
==8457== All heap blocks were freed -- no leaks are possible
==8457== 
==8457== For counts of detected and suppressed errors, rerun with: -v
==8457== ERROR SUMMARY: 0 errors from 0 contexts (suppressed: 0 from 0)


==8487== Memcheck, a memory error detector
==8487== Copyright (C) 2002-2017, and GNU GPL'd, by Julian Seward et al.
==8487== Using Valgrind-3.13.0 and LibVEX; rerun with -h for copyright info
==8487== Command: ./querier ../../shared/tse/output/toscrape-2 ../../shared/tse/output/toscrape-2.index
==8487== 
Normalized Query: football 
Matches 7 documents (ranked):
score	7 doc 18: http://cs50tse.cs.dartmouth.edu/tse/toscrape/catalogue/americas-cradle-of-quarterbacks-western-pennsylvanias-football-factory-from-johnny-unitas-to-joe-montana_974/index.html
score	3 doc 464: http://cs50tse.cs.dartmouth.edu/tse/toscrape/catalogue/the-perfect-play-play-by-play-1_352/index.html
score	3 doc 329: http://cs50tse.cs.dartmouth.edu/tse/toscrape/catalogue/friday-night-lights-a-town-a-team-and-a-dream_158/index.html
score	2 doc 277: http://cs50tse.cs.dartmouth.edu/tse/toscrape/catalogue/the-hook-up-game-on-1_68/index.html
score	2 doc 264: http://cs50tse.cs.dartmouth.edu/tse/toscrape/catalogue/until-friday-night-the-field-party-1_775/index.html
score	2 doc 259: http://cs50tse.cs.dartmouth.edu/tse/toscrape/catalogue/catching-jordan-hundred-oaks_673/index.html
score	1 doc 326: http://cs50tse.cs.dartmouth.edu/tse/toscrape/catalogue/icing-aces-hockey-2_25/index.html
Normalized Query: harvard 
Matches 2 documents (ranked):
score	1 doc 148: http://cs50tse.cs.dartmouth.edu/tse/toscrape/catalogue/americas-war-for-the-greater-middle-east-a-military-history_361/index.html
score	1 doc 111: http://cs50tse.cs.dartmouth.edu/tse/toscrape/catalogue/the-art-of-startup-fundraising_606/index.html
Normalized Query: computer science 
Matches 1 documents (ranked):
score	4 doc 380: http://cs50tse.cs.dartmouth.edu/tse/toscrape/catalogue/algorithms-to-live-by-the-computer-science-of-human-decisions_880/index.html
Normalized Query: computer and science 
Matches 1 documents (ranked):
score	4 doc 380: http://cs50tse.cs.dartmouth.edu/tse/toscrape/catalogue/algorithms-to-live-by-the-computer-science-of-human-decisions_880/index.html
Normalized Query: computer or science 
Matches 114 documents (ranked):
score	11 doc 380: http://cs50tse.cs.dartmouth.edu/tse/toscrape/catalogue/algorithms-to-live-by-the-computer-science-of-human-decisions_880/index.html
score	9 doc 27: http://cs50tse.cs.dartmouth.edu/tse/toscrape/catalogue/mesaerion-the-best-science-fiction-stories-1800-1849_983/index.html
score	6 doc 331: http://cs50tse.cs.dartmouth.edu/tse/toscrape/catalogue/category/books/science-fiction_16/index.html
score	6 doc 251: http://cs50tse.cs.dartmouth.edu/tse/toscrape/catalogue/sorting-the-beef-from-the-bull-the-science-of-food-fraud-forensics_736/index.html
score	6 doc 248: http://cs50tse.cs.dartmouth.edu/tse/toscrape/catalogue/diary-of-a-citizen-scientist-chasing-tiger-beetles-and-other-new-ways-of-engaging-the-world_517/index.html
score	6 doc 55: http://cs50tse.cs.dartmouth.edu/tse/toscrape/catalogue/the-art-and-science-of-low-carbohydrate-living_570/index.html
score	5 doc 243: http://cs50tse.cs.dartmouth.edu/tse/toscrape/catalogue/the-disappearing-spoon-and-other-true-tales-of-madness-love-and-the-history-of-the-world-from-the-periodic-table-of-the-elements_244/index.html
score	5 doc 239: http://cs50tse.cs.dartmouth.edu/tse/toscrape/catalogue/category/books/science_22/index.html
score	4 doc 309: http://cs50tse.cs.dartmouth.edu/tse/toscrape/catalogue/a-series-of-catastrophes-and-miracles-a-true-story-of-love-science-and-cancer_655/index.html
score	4 doc 245: http://cs50tse.cs.dartmouth.edu/tse/toscrape/catalogue/peak-secrets-from-the-new-science-of-expertise_389/index.html
score	4 doc 161: http://cs50tse.cs.dartmouth.edu/tse/toscrape/catalogue/the-age-of-genius-the-seventeenth-century-and-the-birth-of-the-modern-mind_929/index.html
score	3 doc 368: http://cs50tse.cs.dartmouth.edu/tse/toscrape/catalogue/this-is-your-brain-on-music-the-science-of-a-human-obsession_414/index.html
score	3 doc 349: http://cs50tse.cs.dartmouth.edu/tse/toscrape/catalogue/the-bridge-to-consciousness-im-writing-the-bridge-between-science-and-our-old-and-new-beliefs_840/index.html
score	3 doc 341: http://cs50tse.cs.dartmouth.edu/tse/toscrape/catalogue/arena_587/index.html
score	3 doc 340: http://cs50tse.cs.dartmouth.edu/tse/toscrape/catalogue/foundation-foundation-publication-order-1_375/index.html
score	3 doc 333: http://cs50tse.cs.dartmouth.edu/tse/toscrape/catalogue/the-last-girl-the-dominion-trilogy-1_70/index.html
score	3 doc 247: http://cs50tse.cs.dartmouth.edu/tse/toscrape/catalogue/the-origin-of-species_499/index.html
score	3 doc 54: http://cs50tse.cs.dartmouth.edu/tse/toscrape/catalogue/category/books/health_47/index.html
score	3 doc 4: http://cs50tse.cs.dartmouth.edu/tse/toscrape/catalogue/page-1.html
score	3 doc 1: http://cs50tse.cs.dartmouth.edu/tse/toscrape/
score	2 doc 166: http://cs50tse.cs.dartmouth.edu/tse/toscrape/catalogue/the-stand_282/index.html
score	2 doc 461: http://cs50tse.cs.dartmouth.edu/tse/toscrape/catalogue/category/books/romance_8/page-2.html
score	2 doc 460: http://cs50tse.cs.dartmouth.edu/tse/toscrape/catalogue/category/books/romance_8/index.html
score	2 doc 442: http://cs50tse.cs.dartmouth.edu/tse/toscrape/catalogue/category/books/womens-fiction_9/index.html
score	2 doc 422: http://cs50tse.cs.dartmouth.edu/tse/toscrape/catalogue/category/books/fiction_10/page-2.html
score	2 doc 421: http://cs50tse.cs.dartmouth.edu/tse/toscrape/catalogue/category/books/fiction_10/index.html
score	2 doc 402: http://cs50tse.cs.dartmouth.edu/tse/toscrape/catalogue/category/books/childrens_11/page-2.html
score	2 doc 401: http://cs50tse.cs.dartmouth.edu/tse/toscrape/catalogue/category/books/childrens_11/index.html
score	2 doc 393: http://cs50tse.cs.dartmouth.edu/tse/toscrape/catalogue/category/books/religion_12/index.html
score	2 doc 374: http://cs50tse.cs.dartmouth.edu/tse/toscrape/catalogue/category/books/nonfiction_13/page-2.html
score	2 doc 373: http://cs50tse.cs.dartmouth.edu/tse/toscrape/catalogue/category/books/nonfiction_13/index.html
score	2 doc 362: http://cs50tse.cs.dartmouth.edu/tse/toscrape/catalogue/category/books/music_14/index.html
score	2 doc 348: http://cs50tse.cs.dartmouth.edu/tse/toscrape/catalogue/category/books/default_15/page-2.html
score	2 doc 347: http://cs50tse.cs.dartmouth.edu/tse/toscrape/catalogue/category/books/default_15/index.html
score	2 doc 343: http://cs50tse.cs.dartmouth.edu/tse/toscrape/catalogue/soft-apocalypse_833/index.html
score	2 doc 325: http://cs50tse.cs.dartmouth.edu/tse/toscrape/catalogue/category/books/sports-and-games_17/index.html
score	2 doc 318: http://cs50tse.cs.dartmouth.edu/tse/toscrape/catalogue/modern-romance_820/index.html
score	2 doc 304: http://cs50tse.cs.dartmouth.edu/tse/toscrape/catalogue/category/books/add-a-comment_18/page-2.html
score	2 doc 303: http://cs50tse.cs.dartmouth.edu/tse/toscrape/catalogue/category/books/add-a-comment_18/index.html
score	2 doc 282: http://cs50tse.cs.dartmouth.edu/tse/toscrape/catalogue/category/books/fantasy_19/page-2.html
score	2 doc 281: http://cs50tse.cs.dartmouth.edu/tse/toscrape/catalogue/category/books/fantasy_19/index.html
score	2 doc 274: http://cs50tse.cs.dartmouth.edu/tse/toscrape/catalogue/category/books/new-adult_20/index.html
score	2 doc 255: http://cs50tse.cs.dartmouth.edu/tse/toscrape/catalogue/category/books/young-adult_21/page-2.html
score	2 doc 254: http://cs50tse.cs.dartmouth.edu/tse/toscrape/catalogue/category/books/young-adult_21/index.html
score	2 doc 252: http://cs50tse.cs.dartmouth.edu/tse/toscrape/catalogue/immunity-how-elie-metchnikoff-changed-the-course-of-modern-medicine_900/index.html
score	2 doc 246: http://cs50tse.cs.dartmouth.edu/tse/toscrape/catalogue/the-grand-design_405/index.html
score	2 doc 224: http://cs50tse.cs.dartmouth.edu/tse/toscrape/catalogue/category/books/poetry_23/index.html
score	2 doc 222: http://cs50tse.cs.dartmouth.edu/tse/toscrape/catalogue/category/books/paranormal_24/index.html
score	2 doc 221: http://cs50tse.cs.dartmouth.edu/tse/toscrape/catalogue/feathers-displays-of-brilliant-plumage_695/index.html
score	2 doc 214: http://cs50tse.cs.dartmouth.edu/tse/toscrape/catalogue/category/books/art_25/index.html
score	2 doc 206: http://cs50tse.cs.dartmouth.edu/tse/toscrape/catalogue/category/books/psychology_26/index.html
score	2 doc 203: http://cs50tse.cs.dartmouth.edu/tse/toscrape/catalogue/lab-girl_595/index.html
score	2 doc 196: http://cs50tse.cs.dartmouth.edu/tse/toscrape/catalogue/category/books/autobiography_27/index.html
score	2 doc 194: http://cs50tse.cs.dartmouth.edu/tse/toscrape/catalogue/category/books/parenting_28/index.html
score	2 doc 192: http://cs50tse.cs.dartmouth.edu/tse/toscrape/catalogue/category/books/adult-fiction_29/index.html
score	2 doc 181: http://cs50tse.cs.dartmouth.edu/tse/toscrape/catalogue/category/books/humor_30/index.html
score	2 doc 163: http://cs50tse.cs.dartmouth.edu/tse/toscrape/catalogue/category/books/horror_31/index.html
score	2 doc 156: http://cs50tse.cs.dartmouth.edu/tse/toscrape/catalogue/1491-new-revelations-of-the-americas-before-columbus_650/index.html
score	2 doc 145: http://cs50tse.cs.dartmouth.edu/tse/toscrape/catalogue/category/books/history_32/index.html
score	2 doc 125: http://cs50tse.cs.dartmouth.edu/tse/toscrape/catalogue/category/books/food-and-drink_33/page-2.html
score	2 doc 124: http://cs50tse.cs.dartmouth.edu/tse/toscrape/catalogue/category/books/food-and-drink_33/index.html
score	2 doc 117: http://cs50tse.cs.dartmouth.edu/tse/toscrape/catalogue/category/books/christian-fiction_34/index.html
score	2 doc 105: http://cs50tse.cs.dartmouth.edu/tse/toscrape/catalogue/category/books/business_35/index.html
score	2 doc 99: http://cs50tse.cs.dartmouth.edu/tse/toscrape/catalogue/category/books/biography_36/index.html
score	2 doc 90: http://cs50tse.cs.dartmouth.edu/tse/toscrape/catalogue/category/books/thriller_37/index.html
score	2 doc 86: http://cs50tse.cs.dartmouth.edu/tse/toscrape/catalogue/category/books/contemporary_38/index.html
score	2 doc 80: http://cs50tse.cs.dartmouth.edu/tse/toscrape/catalogue/category/books/spirituality_39/index.html
score	2 doc 78: http://cs50tse.cs.dartmouth.edu/tse/toscrape/catalogue/category/books/academic_40/index.html
score	2 doc 72: http://cs50tse.cs.dartmouth.edu/tse/toscrape/catalogue/category/books/self-help_41/index.html
score	2 doc 69: http://cs50tse.cs.dartmouth.edu/tse/toscrape/catalogue/category/books/historical_42/index.html
score	2 doc 65: http://cs50tse.cs.dartmouth.edu/tse/toscrape/catalogue/category/books/christian_43/index.html
score	2 doc 63: http://cs50tse.cs.dartmouth.edu/tse/toscrape/catalogue/category/books/suspense_44/index.html
score	2 doc 61: http://cs50tse.cs.dartmouth.edu/tse/toscrape/catalogue/category/books/short-stories_45/index.html
score	2 doc 59: http://cs50tse.cs.dartmouth.edu/tse/toscrape/catalogue/category/books/novels_46/index.html
score	2 doc 51: http://cs50tse.cs.dartmouth.edu/tse/toscrape/catalogue/category/books/politics_48/index.html
score	2 doc 49: http://cs50tse.cs.dartmouth.edu/tse/toscrape/catalogue/category/books/cultural_49/index.html
score	2 doc 47: http://cs50tse.cs.dartmouth.edu/tse/toscrape/catalogue/category/books/erotica_50/index.html
score	2 doc 45: http://cs50tse.cs.dartmouth.edu/tse/toscrape/catalogue/category/books/crime_51/index.html
score	2 doc 3: http://cs50tse.cs.dartmouth.edu/tse/toscrape/catalogue/page-3.html
score	2 doc 2: http://cs50tse.cs.dartmouth.edu/tse/toscrape/catalogue/page-2.html
score	1 doc 400: http://cs50tse.cs.dartmouth.edu/tse/toscrape/catalogue/dont-be-a-jerk-and-other-practical-advice-from-dogen-japans-greatest-zen-master_890/index.html
score	1 doc 377: http://cs50tse.cs.dartmouth.edu/tse/toscrape/catalogue/the-genius-of-birds_843/index.html
score	1 doc 346: http://cs50tse.cs.dartmouth.edu/tse/toscrape/catalogue/join_902/index.html
score	1 doc 345: http://cs50tse.cs.dartmouth.edu/tse/toscrape/catalogue/william-shakespeares-star-wars-verily-a-new-hope-william-shakespeares-star-wars-4_871/index.html
score	1 doc 344: http://cs50tse.cs.dartmouth.edu/tse/toscrape/catalogue/the-project_856/index.html
score	1 doc 342: http://cs50tse.cs.dartmouth.edu/tse/toscrape/catalogue/sleeping-giants-themis-files-1_604/index.html
score	1 doc 339: http://cs50tse.cs.dartmouth.edu/tse/toscrape/catalogue/the-restaurant-at-the-end-of-the-universe-hitchhikers-guide-to-the-galaxy-2_275/index.html
score	1 doc 338: http://cs50tse.cs.dartmouth.edu/tse/toscrape/catalogue/ready-player-one_209/index.html
score	1 doc 337: http://cs50tse.cs.dartmouth.edu/tse/toscrape/catalogue/life-the-universe-and-everything-hitchhikers-guide-to-the-galaxy-3_189/index.html
score	1 doc 336: http://cs50tse.cs.dartmouth.edu/tse/toscrape/catalogue/dune-dune-1_151/index.html
score	1 doc 335: http://cs50tse.cs.dartmouth.edu/tse/toscrape/catalogue/do-androids-dream-of-electric-sheep-blade-runner-1_149/index.html
score	1 doc 334: http://cs50tse.cs.dartmouth.edu/tse/toscrape/catalogue/three-wishes-river-of-time-california-1_89/index.html
score	1 doc 332: http://cs50tse.cs.dartmouth.edu/tse/toscrape/catalogue/having-the-barbarians-baby-ice-planet-barbarians-75_23/index.html
score	1 doc 253: http://cs50tse.cs.dartmouth.edu/tse/toscrape/catalogue/the-most-perfect-thing-inside-and-outside-a-birds-egg_938/index.html
score	1 doc 250: http://cs50tse.cs.dartmouth.edu/tse/toscrape/catalogue/tipping-point-for-planet-earth-how-close-are-we-to-the-edge_643/index.html
score	1 doc 249: http://cs50tse.cs.dartmouth.edu/tse/toscrape/catalogue/the-fabric-of-the-cosmos-space-time-and-the-texture-of-reality_572/index.html
score	1 doc 244: http://cs50tse.cs.dartmouth.edu/tse/toscrape/catalogue/the-elegant-universe-superstrings-hidden-dimensions-and-the-quest-for-the-ultimate-theory_245/index.html
score	1 doc 242: http://cs50tse.cs.dartmouth.edu/tse/toscrape/catalogue/surely-youre-joking-mr-feynman-adventures-of-a-curious-character_227/index.html
score	1 doc 241: http://cs50tse.cs.dartmouth.edu/tse/toscrape/catalogue/seven-brief-lessons-on-physics_219/index.html
score	1 doc 240: http://cs50tse.cs.dartmouth.edu/tse/toscrape/catalogue/the-selfish-gene_81/index.html
score	1 doc 153: http://cs50tse.cs.dartmouth.edu/tse/toscrape/catalogue/a-short-history-of-nearly-everything_457/index.html
score	1 doc 148: http://cs50tse.cs.dartmouth.edu/tse/toscrape/catalogue/americas-war-for-the-greater-middle-east-a-military-history_361/index.html
score	1 doc 146: http://cs50tse.cs.dartmouth.edu/tse/toscrape/catalogue/house-of-lost-worlds-dinosaurs-dynasties-and-the-story-of-life-on-earth_170/index.html
score	1 doc 140: http://cs50tse.cs.dartmouth.edu/tse/toscrape/catalogue/the-nerdy-nummies-cookbook-sweet-treats-for-the-geek-in-all-of-us_853/index.html
score	1 doc 111: http://cs50tse.cs.dartmouth.edu/tse/toscrape/catalogue/the-art-of-startup-fundraising_606/index.html
score	1 doc 53: http://cs50tse.cs.dartmouth.edu/tse/toscrape/catalogue/why-the-right-went-wrong-conservatism-from-goldwater-to-the-tea-party-and-beyond_781/index.html
score	1 doc 52: http://cs50tse.cs.dartmouth.edu/tse/toscrape/catalogue/equal-is-unfair-americas-misguided-fight-against-income-inequality_617/index.html
score	1 doc 50: http://cs50tse.cs.dartmouth.edu/tse/toscrape/catalogue/amid-the-chaos_788/index.html
score	1 doc 48: http://cs50tse.cs.dartmouth.edu/tse/toscrape/catalogue/dark-notes_800/index.html
score	1 doc 46: http://cs50tse.cs.dartmouth.edu/tse/toscrape/catalogue/the-long-shadow-of-small-ghosts-murder-and-memory-in-an-american-city_848/index.html
score	1 doc 40: http://cs50tse.cs.dartmouth.edu/tse/toscrape/catalogue/sapiens-a-brief-history-of-humankind_996/index.html
score	1 doc 26: http://cs50tse.cs.dartmouth.edu/tse/toscrape/catalogue/libertarianism-for-beginners_982/index.html
score	1 doc 25: http://cs50tse.cs.dartmouth.edu/tse/toscrape/catalogue/its-only-the-himalayas_981/index.html
score	1 doc 22: http://cs50tse.cs.dartmouth.edu/tse/toscrape/catalogue/foolproof-preserving-a-guide-to-small-batch-jams-jellies-pickles-condiments-and-more-a-foolproof-guide-to-making-small-batch-jams-jellies-pickles-condiments-and-more_978/index.html
Normalized Query: computer and science or science 
Matches 113 documents (ranked):
score	9 doc 27: http://cs50tse.cs.dartmouth.edu/tse/toscrape/catalogue/mesaerion-the-best-science-fiction-stories-1800-1849_983/index.html
score	8 doc 380: http://cs50tse.cs.dartmouth.edu/tse/toscrape/catalogue/algorithms-to-live-by-the-computer-science-of-human-decisions_880/index.html
score	6 doc 331: http://cs50tse.cs.dartmouth.edu/tse/toscrape/catalogue/category/books/science-fiction_16/index.html
score	6 doc 251: http://cs50tse.cs.dartmouth.edu/tse/toscrape/catalogue/sorting-the-beef-from-the-bull-the-science-of-food-fraud-forensics_736/index.html
score	6 doc 248: http://cs50tse.cs.dartmouth.edu/tse/toscrape/catalogue/diary-of-a-citizen-scientist-chasing-tiger-beetles-and-other-new-ways-of-engaging-the-world_517/index.html
score	6 doc 55: http://cs50tse.cs.dartmouth.edu/tse/toscrape/catalogue/the-art-and-science-of-low-carbohydrate-living_570/index.html
score	5 doc 243: http://cs50tse.cs.dartmouth.edu/tse/toscrape/catalogue/the-disappearing-spoon-and-other-true-tales-of-madness-love-and-the-history-of-the-world-from-the-periodic-table-of-the-elements_244/index.html
score	5 doc 239: http://cs50tse.cs.dartmouth.edu/tse/toscrape/catalogue/category/books/science_22/index.html
score	4 doc 309: http://cs50tse.cs.dartmouth.edu/tse/toscrape/catalogue/a-series-of-catastrophes-and-miracles-a-true-story-of-love-science-and-cancer_655/index.html
score	4 doc 245: http://cs50tse.cs.dartmouth.edu/tse/toscrape/catalogue/peak-secrets-from-the-new-science-of-expertise_389/index.html
score	4 doc 161: http://cs50tse.cs.dartmouth.edu/tse/toscrape/catalogue/the-age-of-genius-the-seventeenth-century-and-the-birth-of-the-modern-mind_929/index.html
score	3 doc 368: http://cs50tse.cs.dartmouth.edu/tse/toscrape/catalogue/this-is-your-brain-on-music-the-science-of-a-human-obsession_414/index.html
score	3 doc 349: http://cs50tse.cs.dartmouth.edu/tse/toscrape/catalogue/the-bridge-to-consciousness-im-writing-the-bridge-between-science-and-our-old-and-new-beliefs_840/index.html
score	3 doc 341: http://cs50tse.cs.dartmouth.edu/tse/toscrape/catalogue/arena_587/index.html
score	3 doc 340: http://cs50tse.cs.dartmouth.edu/tse/toscrape/catalogue/foundation-foundation-publication-order-1_375/index.html
score	3 doc 333: http://cs50tse.cs.dartmouth.edu/tse/toscrape/catalogue/the-last-girl-the-dominion-trilogy-1_70/index.html
score	3 doc 247: http://cs50tse.cs.dartmouth.edu/tse/toscrape/catalogue/the-origin-of-species_499/index.html
score	3 doc 54: http://cs50tse.cs.dartmouth.edu/tse/toscrape/catalogue/category/books/health_47/index.html
score	3 doc 4: http://cs50tse.cs.dartmouth.edu/tse/toscrape/catalogue/page-1.html
score	3 doc 1: http://cs50tse.cs.dartmouth.edu/tse/toscrape/
score	2 doc 461: http://cs50tse.cs.dartmouth.edu/tse/toscrape/catalogue/category/books/romance_8/page-2.html
score	2 doc 460: http://cs50tse.cs.dartmouth.edu/tse/toscrape/catalogue/category/books/romance_8/index.html
score	2 doc 442: http://cs50tse.cs.dartmouth.edu/tse/toscrape/catalogue/category/books/womens-fiction_9/index.html
score	2 doc 422: http://cs50tse.cs.dartmouth.edu/tse/toscrape/catalogue/category/books/fiction_10/page-2.html
score	2 doc 421: http://cs50tse.cs.dartmouth.edu/tse/toscrape/catalogue/category/books/fiction_10/index.html
score	2 doc 402: http://cs50tse.cs.dartmouth.edu/tse/toscrape/catalogue/category/books/childrens_11/page-2.html
score	2 doc 401: http://cs50tse.cs.dartmouth.edu/tse/toscrape/catalogue/category/books/childrens_11/index.html
score	2 doc 393: http://cs50tse.cs.dartmouth.edu/tse/toscrape/catalogue/category/books/religion_12/index.html
score	2 doc 374: http://cs50tse.cs.dartmouth.edu/tse/toscrape/catalogue/category/books/nonfiction_13/page-2.html
score	2 doc 373: http://cs50tse.cs.dartmouth.edu/tse/toscrape/catalogue/category/books/nonfiction_13/index.html
score	2 doc 362: http://cs50tse.cs.dartmouth.edu/tse/toscrape/catalogue/category/books/music_14/index.html
score	2 doc 348: http://cs50tse.cs.dartmouth.edu/tse/toscrape/catalogue/category/books/default_15/page-2.html
score	2 doc 347: http://cs50tse.cs.dartmouth.edu/tse/toscrape/catalogue/category/books/default_15/index.html
score	2 doc 343: http://cs50tse.cs.dartmouth.edu/tse/toscrape/catalogue/soft-apocalypse_833/index.html
score	2 doc 325: http://cs50tse.cs.dartmouth.edu/tse/toscrape/catalogue/category/books/sports-and-games_17/index.html
score	2 doc 318: http://cs50tse.cs.dartmouth.edu/tse/toscrape/catalogue/modern-romance_820/index.html
score	2 doc 304: http://cs50tse.cs.dartmouth.edu/tse/toscrape/catalogue/category/books/add-a-comment_18/page-2.html
score	2 doc 303: http://cs50tse.cs.dartmouth.edu/tse/toscrape/catalogue/category/books/add-a-comment_18/index.html
score	2 doc 282: http://cs50tse.cs.dartmouth.edu/tse/toscrape/catalogue/category/books/fantasy_19/page-2.html
score	2 doc 281: http://cs50tse.cs.dartmouth.edu/tse/toscrape/catalogue/category/books/fantasy_19/index.html
score	2 doc 274: http://cs50tse.cs.dartmouth.edu/tse/toscrape/catalogue/category/books/new-adult_20/index.html
score	2 doc 255: http://cs50tse.cs.dartmouth.edu/tse/toscrape/catalogue/category/books/young-adult_21/page-2.html
score	2 doc 254: http://cs50tse.cs.dartmouth.edu/tse/toscrape/catalogue/category/books/young-adult_21/index.html
score	2 doc 252: http://cs50tse.cs.dartmouth.edu/tse/toscrape/catalogue/immunity-how-elie-metchnikoff-changed-the-course-of-modern-medicine_900/index.html
score	2 doc 246: http://cs50tse.cs.dartmouth.edu/tse/toscrape/catalogue/the-grand-design_405/index.html
score	2 doc 224: http://cs50tse.cs.dartmouth.edu/tse/toscrape/catalogue/category/books/poetry_23/index.html
score	2 doc 222: http://cs50tse.cs.dartmouth.edu/tse/toscrape/catalogue/category/books/paranormal_24/index.html
score	2 doc 221: http://cs50tse.cs.dartmouth.edu/tse/toscrape/catalogue/feathers-displays-of-brilliant-plumage_695/index.html
score	2 doc 214: http://cs50tse.cs.dartmouth.edu/tse/toscrape/catalogue/category/books/art_25/index.html
score	2 doc 206: http://cs50tse.cs.dartmouth.edu/tse/toscrape/catalogue/category/books/psychology_26/index.html
score	2 doc 203: http://cs50tse.cs.dartmouth.edu/tse/toscrape/catalogue/lab-girl_595/index.html
score	2 doc 196: http://cs50tse.cs.dartmouth.edu/tse/toscrape/catalogue/category/books/autobiography_27/index.html
score	2 doc 194: http://cs50tse.cs.dartmouth.edu/tse/toscrape/catalogue/category/books/parenting_28/index.html
score	2 doc 192: http://cs50tse.cs.dartmouth.edu/tse/toscrape/catalogue/category/books/adult-fiction_29/index.html
score	2 doc 181: http://cs50tse.cs.dartmouth.edu/tse/toscrape/catalogue/category/books/humor_30/index.html
score	2 doc 163: http://cs50tse.cs.dartmouth.edu/tse/toscrape/catalogue/category/books/horror_31/index.html
score	2 doc 156: http://cs50tse.cs.dartmouth.edu/tse/toscrape/catalogue/1491-new-revelations-of-the-americas-before-columbus_650/index.html
score	2 doc 145: http://cs50tse.cs.dartmouth.edu/tse/toscrape/catalogue/category/books/history_32/index.html
score	2 doc 125: http://cs50tse.cs.dartmouth.edu/tse/toscrape/catalogue/category/books/food-and-drink_33/page-2.html
score	2 doc 124: http://cs50tse.cs.dartmouth.edu/tse/toscrape/catalogue/category/books/food-and-drink_33/index.html
score	2 doc 117: http://cs50tse.cs.dartmouth.edu/tse/toscrape/catalogue/category/books/christian-fiction_34/index.html
score	2 doc 105: http://cs50tse.cs.dartmouth.edu/tse/toscrape/catalogue/category/books/business_35/index.html
score	2 doc 99: http://cs50tse.cs.dartmouth.edu/tse/toscrape/catalogue/category/books/biography_36/index.html
score	2 doc 90: http://cs50tse.cs.dartmouth.edu/tse/toscrape/catalogue/category/books/thriller_37/index.html
score	2 doc 86: http://cs50tse.cs.dartmouth.edu/tse/toscrape/catalogue/category/books/contemporary_38/index.html
score	2 doc 80: http://cs50tse.cs.dartmouth.edu/tse/toscrape/catalogue/category/books/spirituality_39/index.html
score	2 doc 78: http://cs50tse.cs.dartmouth.edu/tse/toscrape/catalogue/category/books/academic_40/index.html
score	2 doc 72: http://cs50tse.cs.dartmouth.edu/tse/toscrape/catalogue/category/books/self-help_41/index.html
score	2 doc 69: http://cs50tse.cs.dartmouth.edu/tse/toscrape/catalogue/category/books/historical_42/index.html
score	2 doc 65: http://cs50tse.cs.dartmouth.edu/tse/toscrape/catalogue/category/books/christian_43/index.html
score	2 doc 63: http://cs50tse.cs.dartmouth.edu/tse/toscrape/catalogue/category/books/suspense_44/index.html
score	2 doc 61: http://cs50tse.cs.dartmouth.edu/tse/toscrape/catalogue/category/books/short-stories_45/index.html
score	2 doc 59: http://cs50tse.cs.dartmouth.edu/tse/toscrape/catalogue/category/books/novels_46/index.html
score	2 doc 51: http://cs50tse.cs.dartmouth.edu/tse/toscrape/catalogue/category/books/politics_48/index.html
score	2 doc 49: http://cs50tse.cs.dartmouth.edu/tse/toscrape/catalogue/category/books/cultural_49/index.html
score	2 doc 47: http://cs50tse.cs.dartmouth.edu/tse/toscrape/catalogue/category/books/erotica_50/index.html
score	2 doc 45: http://cs50tse.cs.dartmouth.edu/tse/toscrape/catalogue/category/books/crime_51/index.html
score	2 doc 3: http://cs50tse.cs.dartmouth.edu/tse/toscrape/catalogue/page-3.html
score	2 doc 2: http://cs50tse.cs.dartmouth.edu/tse/toscrape/catalogue/page-2.html
score	1 doc 400: http://cs50tse.cs.dartmouth.edu/tse/toscrape/catalogue/dont-be-a-jerk-and-other-practical-advice-from-dogen-japans-greatest-zen-master_890/index.html
score	1 doc 377: http://cs50tse.cs.dartmouth.edu/tse/toscrape/catalogue/the-genius-of-birds_843/index.html
score	1 doc 346: http://cs50tse.cs.dartmouth.edu/tse/toscrape/catalogue/join_902/index.html
score	1 doc 345: http://cs50tse.cs.dartmouth.edu/tse/toscrape/catalogue/william-shakespeares-star-wars-verily-a-new-hope-william-shakespeares-star-wars-4_871/index.html
score	1 doc 344: http://cs50tse.cs.dartmouth.edu/tse/toscrape/catalogue/the-project_856/index.html
score	1 doc 342: http://cs50tse.cs.dartmouth.edu/tse/toscrape/catalogue/sleeping-giants-themis-files-1_604/index.html
score	1 doc 339: http://cs50tse.cs.dartmouth.edu/tse/toscrape/catalogue/the-restaurant-at-the-end-of-the-universe-hitchhikers-guide-to-the-galaxy-2_275/index.html
score	1 doc 338: http://cs50tse.cs.dartmouth.edu/tse/toscrape/catalogue/ready-player-one_209/index.html
score	1 doc 337: http://cs50tse.cs.dartmouth.edu/tse/toscrape/catalogue/life-the-universe-and-everything-hitchhikers-guide-to-the-galaxy-3_189/index.html
score	1 doc 336: http://cs50tse.cs.dartmouth.edu/tse/toscrape/catalogue/dune-dune-1_151/index.html
score	1 doc 335: http://cs50tse.cs.dartmouth.edu/tse/toscrape/catalogue/do-androids-dream-of-electric-sheep-blade-runner-1_149/index.html
score	1 doc 334: http://cs50tse.cs.dartmouth.edu/tse/toscrape/catalogue/three-wishes-river-of-time-california-1_89/index.html
score	1 doc 332: http://cs50tse.cs.dartmouth.edu/tse/toscrape/catalogue/having-the-barbarians-baby-ice-planet-barbarians-75_23/index.html
score	1 doc 253: http://cs50tse.cs.dartmouth.edu/tse/toscrape/catalogue/the-most-perfect-thing-inside-and-outside-a-birds-egg_938/index.html
score	1 doc 250: http://cs50tse.cs.dartmouth.edu/tse/toscrape/catalogue/tipping-point-for-planet-earth-how-close-are-we-to-the-edge_643/index.html
score	1 doc 249: http://cs50tse.cs.dartmouth.edu/tse/toscrape/catalogue/the-fabric-of-the-cosmos-space-time-and-the-texture-of-reality_572/index.html
score	1 doc 244: http://cs50tse.cs.dartmouth.edu/tse/toscrape/catalogue/the-elegant-universe-superstrings-hidden-dimensions-and-the-quest-for-the-ultimate-theory_245/index.html
score	1 doc 242: http://cs50tse.cs.dartmouth.edu/tse/toscrape/catalogue/surely-youre-joking-mr-feynman-adventures-of-a-curious-character_227/index.html
score	1 doc 241: http://cs50tse.cs.dartmouth.edu/tse/toscrape/catalogue/seven-brief-lessons-on-physics_219/index.html
score	1 doc 240: http://cs50tse.cs.dartmouth.edu/tse/toscrape/catalogue/the-selfish-gene_81/index.html
score	1 doc 153: http://cs50tse.cs.dartmouth.edu/tse/toscrape/catalogue/a-short-history-of-nearly-everything_457/index.html
score	1 doc 148: http://cs50tse.cs.dartmouth.edu/tse/toscrape/catalogue/americas-war-for-the-greater-middle-east-a-military-history_361/index.html
score	1 doc 146: http://cs50tse.cs.dartmouth.edu/tse/toscrape/catalogue/house-of-lost-worlds-dinosaurs-dynasties-and-the-story-of-life-on-earth_170/index.html
score	1 doc 140: http://cs50tse.cs.dartmouth.edu/tse/toscrape/catalogue/the-nerdy-nummies-cookbook-sweet-treats-for-the-geek-in-all-of-us_853/index.html
score	1 doc 111: http://cs50tse.cs.dartmouth.edu/tse/toscrape/catalogue/the-art-of-startup-fundraising_606/index.html
score	1 doc 53: http://cs50tse.cs.dartmouth.edu/tse/toscrape/catalogue/why-the-right-went-wrong-conservatism-from-goldwater-to-the-tea-party-and-beyond_781/index.html
score	1 doc 52: http://cs50tse.cs.dartmouth.edu/tse/toscrape/catalogue/equal-is-unfair-americas-misguided-fight-against-income-inequality_617/index.html
score	1 doc 50: http://cs50tse.cs.dartmouth.edu/tse/toscrape/catalogue/amid-the-chaos_788/index.html
score	1 doc 48: http://cs50tse.cs.dartmouth.edu/tse/toscrape/catalogue/dark-notes_800/index.html
score	1 doc 46: http://cs50tse.cs.dartmouth.edu/tse/toscrape/catalogue/the-long-shadow-of-small-ghosts-murder-and-memory-in-an-american-city_848/index.html
score	1 doc 40: http://cs50tse.cs.dartmouth.edu/tse/toscrape/catalogue/sapiens-a-brief-history-of-humankind_996/index.html
score	1 doc 26: http://cs50tse.cs.dartmouth.edu/tse/toscrape/catalogue/libertarianism-for-beginners_982/index.html
score	1 doc 25: http://cs50tse.cs.dartmouth.edu/tse/toscrape/catalogue/its-only-the-himalayas_981/index.html
score	1 doc 22: http://cs50tse.cs.dartmouth.edu/tse/toscrape/catalogue/foolproof-preserving-a-guide-to-small-batch-jams-jellies-pickles-condiments-and-more-a-foolproof-guide-to-making-small-batch-jams-jellies-pickles-condiments-and-more_978/index.html

==8487== 
==8487== HEAP SUMMARY:
==8487==     in use at exit: 0 bytes in 0 blocks
==8487==   total heap usage: 559,679 allocs, 559,679 frees, 240,132,756 bytes allocated
==8487== 
==8487== All heap blocks were freed -- no leaks are possible
==8487== 
==8487== For counts of detected and suppressed errors, rerun with: -v
==8487== ERROR SUMMARY: 0 errors from 0 contexts (suppressed: 0 from 0)


==8601== Memcheck, a memory error detector
==8601== Copyright (C) 2002-2017, and GNU GPL'd, by Julian Seward et al.
==8601== Using Valgrind-3.13.0 and LibVEX; rerun with -h for copyright info
==8601== Command: ./querier ../../shared/tse/output/wikipedia-1 ../../shared/tse/output/wikipedia-1.index
==8601== 
Normalized Query: contributors and fame 
Matches 0 documents (ranked):
Normalized Query: esalen eberhart or universal 
Matches 3 documents (ranked):
score	2 doc 3: http://cs50tse.cs.dartmouth.edu/tse/wikipedia/Hash_table.html
score	1 doc 4: http://cs50tse.cs.dartmouth.edu/tse/wikipedia/Dartmouth_College.html
score	1 doc 6: http://cs50tse.cs.dartmouth.edu/tse/wikipedia/C_(programming_language).html
Normalized Query: and eberhart hop and uses members or encompasses 
'and' cannot be first
Normalized Query: spain or brady and compatible cross or today friends miss  
Matches 2 documents (ranked):
score	1 doc 7: http://cs50tse.cs.dartmouth.edu/tse/wikipedia/Computer_science.html
score	1 doc 6: http://cs50tse.cs.dartmouth.edu/tse/wikipedia/C_(programming_language).html
Normalized Query: predictive division 
Matches 1 documents (ranked):
score	1 doc 7: http://cs50tse.cs.dartmouth.edu/tse/wikipedia/Computer_science.html
Normalized Query: lat  
Matches 0 documents (ranked):
Normalized Query: takes or translation and authors 
Matches 3 documents (ranked):
score	1 doc 6: http://cs50tse.cs.dartmouth.edu/tse/wikipedia/C_(programming_language).html
score	1 doc 3: http://cs50tse.cs.dartmouth.edu/tse/wikipedia/Hash_table.html
score	1 doc 2: http://cs50tse.cs.dartmouth.edu/tse/wikipedia/Linked_list.html

==8601== 
==8601== HEAP SUMMARY:
==8601==     in use at exit: 0 bytes in 0 blocks
==8601==   total heap usage: 71,053 allocs, 71,053 frees, 1,546,703 bytes allocated
==8601== 
==8601== All heap blocks were freed -- no leaks are possible
==8601== 
==8601== For counts of detected and suppressed errors, rerun with: -v
==8601== ERROR SUMMARY: 0 errors from 0 contexts (suppressed: 0 from 0)


==8611== Memcheck, a memory error detector
==8611== Copyright (C) 2002-2017, and GNU GPL'd, by Julian Seward et al.
==8611== Using Valgrind-3.13.0 and LibVEX; rerun with -h for copyright info
==8611== Command: ./querier ../../shared/tse/output/letters-2 ../../shared/tse/output/lett.index
==8611== 
==8611== 
==8611== HEAP SUMMARY:
==8611==     in use at exit: 0 bytes in 0 blocks
==8611==   total heap usage: 5 allocs, 5 frees, 33,989 bytes allocated
==8611== 
==8611== All heap blocks were freed -- no leaks are possible
==8611== 
==8611== For counts of detected and suppressed errors, rerun with: -v
==8611== ERROR SUMMARY: 0 errors from 0 contexts (suppressed: 0 from 0)


==8613== Memcheck, a memory error detector
==8613== Copyright (C) 2002-2017, and GNU GPL'd, by Julian Seward et al.
==8613== Using Valgrind-3.13.0 and LibVEX; rerun with -h for copyright info
==8613== Command: ./querier ../../shared/tse/output/lett ../../shared/tse/output/letters-2.index
==8613== 
==8613== 
==8613== HEAP SUMMARY:
==8613==     in use at exit: 0 bytes in 0 blocks
==8613==   total heap usage: 1 allocs, 1 frees, 29 bytes allocated
==8613== 
==8613== All heap blocks were freed -- no leaks are possible
==8613== 
==8613== For counts of detected and suppressed errors, rerun with: -v
==8613== ERROR SUMMARY: 0 errors from 0 contexts (suppressed: 0 from 0)


==8618== Memcheck, a memory error detector
==8618== Copyright (C) 2002-2017, and GNU GPL'd, by Julian Seward et al.
==8618== Using Valgrind-3.13.0 and LibVEX; rerun with -h for copyright info
==8618== Command: ./querier ../../shared/tse/output/letters-2
==8618== 
Usage: ./querier <pageDirectory> <indexFilename>
==8618== 
==8618== HEAP SUMMARY:
==8618==     in use at exit: 0 bytes in 0 blocks
==8618==   total heap usage: 1 allocs, 1 frees, 8,192 bytes allocated
==8618== 
==8618== All heap blocks were freed -- no leaks are possible
==8618== 
==8618== For counts of detected and suppressed errors, rerun with: -v
==8618== ERROR SUMMARY: 0 errors from 0 contexts (suppressed: 0 from 0)


==8627== Memcheck, a memory error detector
==8627== Copyright (C) 2002-2017, and GNU GPL'd, by Julian Seward et al.
==8627== Using Valgrind-3.13.0 and LibVEX; rerun with -h for copyright info
==8627== Command: ./querier ../../shared/tse/output/letters-2 ../../shared/tse/output/letters-2.index bag_param
==8627== 
Usage: ./querier <pageDirectory> <indexFilename>
==8627== 
==8627== HEAP SUMMARY:
==8627==     in use at exit: 0 bytes in 0 blocks
==8627==   total heap usage: 1 allocs, 1 frees, 8,192 bytes allocated
==8627== 
==8627== All heap blocks were freed -- no leaks are possible
==8627== 
==8627== For counts of detected and suppressed errors, rerun with: -v
==8627== ERROR SUMMARY: 0 errors from 0 contexts (suppressed: 0 from 0)


make[1]: Leaving directory '/thayerfs/home/f0041tt/cs50-dev/tse-crawler-rehoboth23/querier'
